\BOOKMARK [1][-]{section*.2}{\376\377\000I\000n\000t\000r\000o\000d\000u\000c\000t\000i\000o\000n}{}% 1
\BOOKMARK [2][-]{section*.3}{\376\377\000T\000o\000p\000i\000c\000s}{section*.2}% 2
\BOOKMARK [0][-]{part.1}{\376\377\000I\000\040\000P\000a\000r\000t\000\040\000I}{}% 3
\BOOKMARK [1][-]{section.1}{\376\377\000Q\000u\000a\000n\000t\000u\000m\000\040\000i\000n\000t\000e\000r\000f\000e\000r\000e\000n\000c\000e\000,\000\040\000a\000n\000d\000\040\000t\000h\000i\000n\000g\000s\000\040\000t\000o\000\040\000c\000o\000m\000e}{part.1}% 4
\BOOKMARK [2][-]{subsection.1.1}{\376\377\000T\000w\000o\000\040\000b\000a\000s\000i\000c\000\040\000r\000u\000l\000e\000s}{section.1}% 5
\BOOKMARK [2][-]{subsection.1.2}{\376\377\000Q\000u\000a\000n\000t\000u\000m\000\040\000i\000n\000t\000e\000r\000f\000e\000r\000e\000n\000c\000e\000:\000\040\000t\000h\000e\000\040\000f\000a\000i\000l\000u\000r\000e\000\040\000o\000f\000\040\000p\000r\000o\000b\000a\000b\000i\000l\000i\000t\000y\000\040\000t\000h\000e\000o\000r\000y}{section.1}% 6
\BOOKMARK [2][-]{subsection.1.3}{\376\377\000S\000u\000p\000e\000r\000p\000o\000s\000i\000t\000i\000o\000n\000s}{section.1}% 7
\BOOKMARK [2][-]{subsection.1.4}{\376\377\000I\000n\000t\000e\000r\000f\000e\000r\000o\000m\000e\000t\000e\000r\000s}{section.1}% 8
\BOOKMARK [2][-]{subsection.1.5}{\376\377\000Q\000u\000b\000i\000t\000s\000,\000\040\000g\000a\000t\000e\000s\000,\000\040\000a\000n\000d\000\040\000c\000i\000r\000c\000u\000i\000t\000s}{section.1}% 9
\BOOKMARK [2][-]{subsection.1.6}{\376\377\000Q\000u\000a\000n\000t\000u\000m\000\040\000d\000e\000c\000o\000h\000e\000r\000e\000n\000c\000e}{section.1}% 10
\BOOKMARK [2][-]{subsection.1.7}{\376\377\000C\000o\000m\000p\000u\000t\000a\000t\000i\000o\000n\000:\000\040\000d\000e\000t\000e\000r\000m\000i\000n\000i\000s\000t\000i\000c\000,\000\040\000p\000r\000o\000b\000a\000b\000i\000l\000i\000s\000t\000i\000c\000,\000\040\000a\000n\000d\000\040\000q\000u\000a\000n\000t\000u\000m}{section.1}% 11
\BOOKMARK [2][-]{subsection.1.8}{\376\377\000C\000o\000m\000p\000u\000t\000a\000t\000i\000o\000n\000a\000l\000\040\000c\000o\000m\000p\000l\000e\000x\000i\000t\000y}{section.1}% 12
\BOOKMARK [2][-]{subsection.1.9}{\376\377\000O\000u\000t\000l\000o\000o\000k}{section.1}% 13
\BOOKMARK [2][-]{subsection.1.10}{\376\377\000N\000o\000t\000e\000s\000\040\000a\000n\000d\000\040\000E\000x\000e\000r\000c\000i\000s\000e\000s}{section.1}% 14
\BOOKMARK [1][-]{section.2}{\376\377\000Q\000u\000b\000i\000t\000s}{part.1}% 15
\BOOKMARK [2][-]{subsection.2.1}{\376\377\000C\000o\000m\000p\000o\000s\000i\000n\000g\000\040\000q\000u\000a\000n\000t\000u\000m\000\040\000o\000p\000e\000r\000a\000t\000i\000o\000n\000s}{section.2}% 16
\BOOKMARK [2][-]{subsection.2.2}{\376\377\000Q\000u\000a\000n\000t\000u\000m\000\040\000b\000i\000t\000s\000,\000\040\000c\000a\000l\000l\000e\000d\000\040\000`\000`\000q\000u\000b\000i\000t\000s\000'\000'}{section.2}% 17
\BOOKMARK [2][-]{subsection.2.3}{\376\377\000Q\000u\000a\000n\000t\000u\000m\000\040\000g\000a\000t\000e\000s\000\040\000a\000n\000d\000\040\000c\000i\000r\000c\000u\000i\000t\000s}{section.2}% 18
\BOOKMARK [2][-]{subsection.2.4}{\376\377\000S\000i\000n\000g\000l\000e\000\040\000q\000u\000b\000i\000t\000\040\000i\000n\000t\000e\000r\000f\000e\000r\000e\000n\000c\000e}{section.2}% 19
\BOOKMARK [2][-]{subsection.2.5}{\376\377\000T\000h\000e\000\040\000s\000q\000u\000a\000r\000e\000\040\000r\000o\000o\000t\000\040\000o\000f\000\040\000N\000O\000T}{section.2}% 20
\BOOKMARK [2][-]{subsection.2.6}{\376\377\000P\000h\000a\000s\000e\000\040\000g\000a\000t\000e\000s\000\040\000g\000a\000l\000o\000r\000e}{section.2}% 21
\BOOKMARK [2][-]{subsection.2.7}{\376\377\000P\000a\000u\000l\000i\000\040\000o\000p\000e\000r\000a\000t\000o\000r\000s}{section.2}% 22
\BOOKMARK [2][-]{subsection.2.8}{\376\377\000F\000r\000o\000m\000\040\000b\000i\000t\000-\000f\000l\000i\000p\000s\000\040\000t\000o\000\040\000p\000h\000a\000s\000e\000-\000f\000l\000i\000p\000s\000,\000\040\000a\000n\000d\000\040\000b\000a\000c\000k\000\040\000a\000g\000a\000i\000n}{section.2}% 23
\BOOKMARK [2][-]{subsection.2.9}{\376\377\000A\000n\000y\000\040\000u\000n\000i\000t\000a\000r\000y\000\040\000o\000p\000e\000r\000a\000t\000i\000o\000n\000\040\000o\000n\000\040\000a\000\040\000s\000i\000n\000g\000l\000e\000\040\000q\000u\000b\000i\000t}{section.2}% 24
\BOOKMARK [2][-]{subsection.2.10}{\376\377\000T\000h\000e\000\040\000B\000l\000o\000c\000h\000\040\000s\000p\000h\000e\000r\000e}{section.2}% 25
\BOOKMARK [2][-]{subsection.2.11}{\376\377\000C\000o\000m\000p\000o\000s\000i\000t\000i\000o\000n\000\040\000o\000f\000\040\000r\000o\000t\000a\000t\000i\000o\000n\000s}{section.2}% 26
\BOOKMARK [2][-]{subsection.2.12}{\376\377\000A\000\040\000f\000i\000n\000i\000t\000e\000\040\000s\000e\000t\000\040\000o\000f\000\040\000u\000n\000i\000v\000e\000r\000s\000a\000l\000\040\000g\000a\000t\000e\000s}{section.2}% 27
\BOOKMARK [2][-]{subsection.2.13}{\376\377\000A\000p\000p\000e\000n\000d\000i\000x\000:\000\040\000P\000h\000y\000s\000i\000c\000s\000\040\000a\000g\000a\000i\000n\000s\000t\000\040\000l\000o\000g\000i\000c\000,\000\040\000v\000i\000a\000\040\000b\000e\000a\000m\000s\000p\000l\000i\000t\000t\000e\000r\000s}{section.2}% 28
\BOOKMARK [2][-]{subsection.2.14}{\376\377\000A\000p\000p\000e\000n\000d\000i\000x\000:\000\040\000Q\000u\000a\000n\000t\000u\000m\000\040\000i\000n\000t\000e\000r\000f\000e\000r\000e\000n\000c\000e\000\040\000r\000e\000v\000i\000s\000i\000t\000e\000d\000\040\000\050\000s\000t\000i\000l\000l\000\040\000a\000b\000o\000u\000t\000\040\000b\000e\000a\000m\000-\000s\000p\000l\000i\000t\000t\000e\000r\000s\000\051}{section.2}% 29
\BOOKMARK [1][-]{section.3}{\376\377\000L\000i\000n\000k\000i\000n\000g\000\040\000P\000a\000u\000l\000i\000\040\000m\000a\000t\000r\000i\000c\000e\000s\000\040\000a\000n\000d\000\040\000t\000h\000e\000\040\000B\000l\000o\000c\000h\000\040\000s\000p\000h\000e\000r\000e}{part.1}% 30
\BOOKMARK [2][-]{subsection.3.1}{\376\377\000T\000h\000e\000\040\000P\000a\000u\000l\000i\000\040\000m\000a\000t\000r\000i\000c\000e\000s\000,\000\040\000a\000l\000g\000e\000b\000r\000a\000i\000c\000a\000l\000l\000y}{section.3}% 31
\BOOKMARK [2][-]{subsection.3.2}{\376\377\000T\000h\000e\000\040\000P\000a\000u\000l\000i\000\040\000m\000a\000t\000r\000i\000c\000e\000s\000,\000\040\000g\000e\000o\000m\000e\000t\000r\000i\000c\000a\000l\000l\000y}{section.3}% 32
\BOOKMARK [2][-]{subsection.3.3}{\376\377\000P\000u\000t\000t\000i\000n\000g\000\040\000t\000h\000e\000\040\000p\000i\000e\000c\000e\000s\000\040\000t\000o\000g\000e\000t\000h\000e\000r}{section.3}% 33
\BOOKMARK [2][-]{subsection.3.4}{\376\377\000U\000n\000i\000v\000e\000r\000s\000a\000l\000i\000t\000y\000,\000\040\000a\000g\000a\000i\000n}{section.3}% 34
\BOOKMARK [2][-]{subsection.3.5}{\376\377\000S\000o\000m\000e\000\040\000q\000u\000a\000n\000t\000u\000m\000\040\000d\000y\000n\000a\000m\000i\000c\000s}{section.3}% 35
\BOOKMARK [1][-]{section.4}{\376\377\000M\000e\000a\000s\000u\000r\000e\000m\000e\000n\000t\000s}{part.1}% 36
\BOOKMARK [1][-]{section.5}{\376\377\000Q\000u\000a\000n\000t\000u\000m\000\040\000e\000n\000t\000a\000n\000g\000l\000e\000m\000e\000n\000t}{part.1}% 37
\BOOKMARK [1][-]{section.6}{\376\377\000Q\000u\000a\000n\000t\000u\000m\000\040\000a\000l\000g\000o\000r\000i\000t\000h\000m\000s}{part.1}% 38
\BOOKMARK [0][-]{part.2}{\376\377\000I\000I\000\040\000P\000a\000r\000t\000\040\0002}{}% 39
\BOOKMARK [1][-]{section.7}{\376\377\000B\000e\000l\000l\000'\000s\000\040\000t\000h\000e\000o\000r\000e\000m}{part.2}% 40
\BOOKMARK [2][-]{subsection.7.1}{\376\377\000Q\000u\000a\000n\000t\000u\000m\000\040\000c\000o\000r\000r\000e\000l\000a\000t\000i\000o\000n\000s}{section.7}% 41
\BOOKMARK [2][-]{subsection.7.2}{\376\377\000H\000i\000d\000d\000e\000n\000\040\000v\000a\000r\000i\000a\000b\000l\000e\000s}{section.7}% 42
\BOOKMARK [2][-]{subsection.7.3}{\376\377\000C\000H\000S\000H\000\040\000i\000n\000e\000q\000u\000a\000l\000i\000t\000y}{section.7}% 43
\BOOKMARK [2][-]{subsection.7.4}{\376\377\000Q\000u\000a\000n\000t\000u\000m\000\040\000c\000o\000r\000r\000e\000l\000a\000t\000i\000o\000n\000s\000\040\000r\000e\000v\000i\000s\000i\000t\000e\000d}{section.7}% 44
\BOOKMARK [2][-]{subsection.7.5}{\376\377\000T\000s\000i\000r\000e\000l\000s\000o\000n\000'\000s\000\040\000i\000n\000e\000q\000u\000a\000l\000i\000t\000y}{section.7}% 45
\BOOKMARK [1][-]{section.8}{\376\377\000D\000e\000c\000o\000h\000e\000r\000e\000n\000c\000e\000,\000\040\000a\000n\000d\000\040\000e\000l\000e\000m\000e\000n\000t\000s\000\040\000o\000f\000\040\000q\000u\000a\000n\000t\000u\000m\000\040\000e\000r\000r\000o\000r\000\040\000c\000o\000r\000r\000e\000c\000t\000i\000o\000n}{part.2}% 46
\BOOKMARK [2][-]{subsection.8.1}{\376\377\000D\000e\000c\000o\000h\000e\000r\000e\000n\000c\000e\000\040\000s\000i\000m\000p\000l\000i\000f\000i\000e\000d}{section.8}% 47
\BOOKMARK [2][-]{subsection.8.2}{\376\377\000D\000e\000c\000o\000h\000e\000r\000e\000n\000c\000e\000\040\000a\000n\000d\000\040\000i\000n\000t\000e\000r\000f\000e\000r\000e\000n\000c\000e}{section.8}% 48
\BOOKMARK [2][-]{subsection.8.3}{\376\377\000E\000v\000o\000l\000u\000t\000i\000o\000n\000\040\000o\000f\000\040\000d\000e\000n\000s\000i\000t\000y\000\040\000o\000p\000e\000r\000a\000t\000o\000r\000s\000\040\000u\000n\000d\000e\000r\000\040\000d\000e\000c\000o\000h\000e\000r\000e\000n\000c\000e}{section.8}% 49
\BOOKMARK [2][-]{subsection.8.4}{\376\377\000Q\000u\000a\000n\000t\000u\000m\000\040\000e\000r\000r\000o\000r\000s}{section.8}% 50
\BOOKMARK [2][-]{subsection.8.5}{\376\377\000S\000a\000m\000e\000\040\000e\000v\000o\000l\000u\000t\000i\000o\000n\000,\000\040\000d\000i\000f\000f\000e\000r\000e\000n\000t\000\040\000e\000r\000r\000o\000r\000s}{section.8}% 51
\BOOKMARK [2][-]{subsection.8.6}{\376\377\000S\000o\000m\000e\000\040\000e\000r\000r\000o\000r\000s\000\040\000c\000a\000n\000\040\000b\000e\000\040\000c\000o\000r\000r\000e\000c\000t\000e\000d\000\040\000o\000n\000\040\000s\000o\000m\000e\000\040\000s\000t\000a\000t\000e\000s}{section.8}% 52
\BOOKMARK [2][-]{subsection.8.7}{\376\377\000R\000e\000p\000e\000t\000i\000t\000i\000o\000n\000\040\000c\000o\000d\000e\000s}{section.8}% 53
\BOOKMARK [2][-]{subsection.8.8}{\376\377\000Q\000u\000a\000n\000t\000u\000m\000\040\000e\000r\000r\000o\000r\000\040\000c\000o\000r\000r\000e\000c\000t\000i\000o\000n}{section.8}% 54
\BOOKMARK [2][-]{subsection.8.9}{\376\377\000T\000u\000r\000n\000i\000n\000g\000\040\000b\000i\000t\000-\000f\000l\000i\000p\000s\000\040\000i\000n\000t\000o\000\040\000p\000h\000a\000s\000e\000-\000f\000l\000i\000p\000s}{section.8}% 55
\BOOKMARK [2][-]{subsection.8.10}{\376\377\000D\000e\000a\000l\000i\000n\000g\000\040\000w\000i\000t\000h\000\040\000b\000i\000t\000-\000f\000l\000i\000p\000\040\000a\000n\000d\000\040\000p\000h\000a\000s\000e\000-\000f\000l\000i\000p\000\040\000e\000r\000r\000o\000r\000s}{section.8}% 56
\BOOKMARK [1][-]{section.9}{\376\377\000D\000e\000n\000s\000i\000t\000y\000\040\000m\000a\000t\000r\000i\000c\000e\000s}{part.2}% 57
\BOOKMARK [2][-]{subsection.9.1}{\376\377\000D\000e\000f\000i\000n\000i\000t\000i\000o\000n\000s}{section.9}% 58
\BOOKMARK [2][-]{subsection.9.2}{\376\377\000M\000i\000x\000t\000u\000r\000e\000s}{section.9}% 59
\BOOKMARK [2][-]{subsection.9.3}{\376\377\000A\000\040\000f\000e\000w\000\040\000i\000n\000s\000t\000r\000u\000c\000t\000i\000v\000e\000\040\000e\000x\000a\000m\000p\000l\000e\000s\000,\000\040\000a\000n\000d\000\040\000s\000o\000m\000e\000\040\000l\000e\000s\000s\000\040\000i\000n\000s\000t\000r\000u\000c\000t\000i\000v\000e\000\040\000r\000e\000m\000a\000r\000k\000s}{section.9}% 60
\BOOKMARK [2][-]{subsection.9.4}{\376\377\000M\000i\000x\000e\000d\000\040\000s\000t\000a\000t\000e\000s\000\040\000o\000f\000\040\000a\000\040\000q\000u\000b\000i\000t\000,\000\040\000a\000n\000d\000\040\000t\000h\000e\000\040\000B\000l\000o\000c\000h\000\040\000s\000p\000h\000e\000r\000e}{section.9}% 61
\BOOKMARK [2][-]{subsection.9.5}{\376\377\000S\000u\000b\000s\000y\000s\000t\000e\000m\000s\000\040\000o\000f\000\040\000e\000n\000t\000a\000n\000g\000l\000e\000d\000\040\000s\000y\000s\000t\000e\000m\000s}{section.9}% 62
\BOOKMARK [2][-]{subsection.9.6}{\376\377\000P\000a\000r\000t\000i\000a\000l\000\040\000t\000r\000a\000c\000e\000,\000\040\000r\000e\000v\000i\000s\000i\000t\000e\000d}{section.9}% 63
\BOOKMARK [2][-]{subsection.9.7}{\376\377\000M\000i\000x\000t\000u\000r\000e\000s\000\040\000a\000n\000d\000\040\000s\000u\000b\000s\000y\000s\000t\000e\000m\000s}{section.9}% 64
\BOOKMARK [2][-]{subsection.9.8}{\376\377\000P\000a\000r\000t\000i\000a\000l\000\040\000t\000r\000a\000c\000e\000,\000\040\000y\000e\000t\000\040\000a\000g\000a\000i\000n}{section.9}% 65
\BOOKMARK [2][-]{subsection.9.9}{\376\377\000N\000o\000t\000e\000s\000\040\000a\000n\000d\000\040\000e\000x\000e\000r\000c\000i\000s\000e\000s}{section.9}% 66
\BOOKMARK [1][-]{section.10}{\376\377\000Q\000u\000a\000n\000t\000u\000m\000\040\000c\000h\000a\000n\000n\000e\000l\000s\000\040\000\050\000o\000r\000\040\000C\000P\000\040\000m\000a\000p\000s\000\051}{part.2}% 67
\BOOKMARK [1][-]{section.11}{\376\377\000Q\000u\000a\000n\000t\000u\000m\000\040\000e\000r\000r\000o\000r\000\040\000c\000o\000r\000r\000e\000c\000t\000i\000o\000n\000\040\000a\000n\000d\000\040\000f\000a\000u\000l\000t\000\040\000t\000o\000l\000e\000r\000a\000n\000c\000e}{part.2}% 68
\BOOKMARK [1][-]{section.12}{\376\377\000B\000o\000n\000u\000s\000\040\000t\000h\000i\000n\000g\000s}{part.2}% 69
